Using TensorFlow backend.
I tensorflow/stream_executor/dso_loader.cc:135] successfully opened CUDA library libcublas.so.8.0 locally
I tensorflow/stream_executor/dso_loader.cc:126] Couldn't open CUDA library libcudnn.so.5. LD_LIBRARY_PATH: /home/nls3/opencv-3.3.0/build/lib
I tensorflow/stream_executor/cuda/cuda_dnn.cc:3517] Unable to load cuDNN DSO
I tensorflow/stream_executor/dso_loader.cc:135] successfully opened CUDA library libcufft.so.8.0 locally
I tensorflow/stream_executor/dso_loader.cc:135] successfully opened CUDA library libcuda.so.1 locally
I tensorflow/stream_executor/dso_loader.cc:135] successfully opened CUDA library libcurand.so.8.0 locally
W tensorflow/core/platform/cpu_feature_guard.cc:45] The TensorFlow library wasn't compiled to use SSE3 instructions, but these are available on your machine and could speed up CPU computations.
W tensorflow/core/platform/cpu_feature_guard.cc:45] The TensorFlow library wasn't compiled to use SSE4.1 instructions, but these are available on your machine and could speed up CPU computations.
W tensorflow/core/platform/cpu_feature_guard.cc:45] The TensorFlow library wasn't compiled to use SSE4.2 instructions, but these are available on your machine and could speed up CPU computations.
W tensorflow/core/platform/cpu_feature_guard.cc:45] The TensorFlow library wasn't compiled to use AVX instructions, but these are available on your machine and could speed up CPU computations.
W tensorflow/core/platform/cpu_feature_guard.cc:45] The TensorFlow library wasn't compiled to use AVX2 instructions, but these are available on your machine and could speed up CPU computations.
W tensorflow/core/platform/cpu_feature_guard.cc:45] The TensorFlow library wasn't compiled to use FMA instructions, but these are available on your machine and could speed up CPU computations.
I tensorflow/core/common_runtime/gpu/gpu_device.cc:885] Found device 0 with properties: 
name: Tesla K80
major: 3 minor: 7 memoryClockRate (GHz) 0.8235
pciBusID 0000:8e:00.0
Total memory: 11.20GiB
Free memory: 6.97GiB
I tensorflow/core/common_runtime/gpu/gpu_device.cc:906] DMA: 0 
I tensorflow/core/common_runtime/gpu/gpu_device.cc:916] 0:   Y 
I tensorflow/core/common_runtime/gpu/gpu_device.cc:975] Creating TensorFlow device (/gpu:0) -> (device: 0, name: Tesla K80, pci bus id: 0000:8e:00.0)
I tensorflow/core/common_runtime/gpu/gpu_device.cc:975] Creating TensorFlow device (/gpu:0) -> (device: 0, name: Tesla K80, pci bus id: 0000:8e:00.0)
Create the data generator.
Create the model.
Create the trainer
Start training the model.
Train on 45000 samples, validate on 15000 samples
Epoch 1/20

   64/45000 [..............................] - ETA: 3:32 - loss: 13.8363 - acc: 0.1406
  128/45000 [..............................] - ETA: 2:04 - loss: 14.1247 - acc: 0.1172
  192/45000 [..............................] - ETA: 1:51 - loss: 14.3563 - acc: 0.0938
  256/45000 [..............................] - ETA: 1:48 - loss: 14.4727 - acc: 0.0859
  512/45000 [..............................] - ETA: 1:04 - loss: 14.2938 - acc: 0.0938
  832/45000 [..............................] - ETA: 43s - loss: 13.7989 - acc: 0.1202 
 1408/45000 [..............................] - ETA: 27s - loss: 13.6204 - acc: 0.1321
 1664/45000 [>.............................] - ETA: 24s - loss: 13.3986 - acc: 0.1454
 1792/45000 [>.............................] - ETA: 25s - loss: 13.3817 - acc: 0.1462
 2560/45000 [>.............................] - ETA: 18s - loss: 12.9546 - acc: 0.1723
 3328/45000 [=>............................] - ETA: 14s - loss: 12.4834 - acc: 0.1986
 4288/45000 [=>............................] - ETA: 11s - loss: 11.9164 - acc: 0.2344
 5248/45000 [==>...........................] - ETA: 9s - loss: 11.5550 - acc: 0.2567 
 6208/45000 [===>..........................] - ETA: 8s - loss: 11.2148 - acc: 0.2772
 7168/45000 [===>..........................] - ETA: 7s - loss: 10.8820 - acc: 0.2988
 7424/45000 [===>..........................] - ETA: 7s - loss: 10.7800 - acc: 0.3058
 7744/45000 [====>.........................] - ETA: 7s - loss: 10.6831 - acc: 0.3121
 8128/45000 [====>.........................] - ETA: 7s - loss: 10.6075 - acc: 0.3164
 8768/45000 [====>.........................] - ETA: 6s - loss: 10.5085 - acc: 0.3227
 9664/45000 [=====>........................] - ETA: 6s - loss: 10.2995 - acc: 0.3362
10496/45000 [=====>........................] - ETA: 5s - loss: 10.0987 - acc: 0.3494
10688/45000 [======>.......................] - ETA: 5s - loss: 10.0471 - acc: 0.3525
11584/45000 [======>.......................] - ETA: 5s - loss: 9.8418 - acc: 0.3655 
12416/45000 [=======>......................] - ETA: 4s - loss: 9.6523 - acc: 0.3773
13120/45000 [=======>......................] - ETA: 4s - loss: 9.5201 - acc: 0.3858
13952/45000 [========>.....................] - ETA: 4s - loss: 9.3662 - acc: 0.3951
14912/45000 [========>.....................] - ETA: 4s - loss: 9.1778 - acc: 0.4064
15872/45000 [=========>....................] - ETA: 3s - loss: 9.0101 - acc: 0.4170
16768/45000 [==========>...................] - ETA: 3s - loss: 8.8663 - acc: 0.4263
17728/45000 [==========>...................] - ETA: 3s - loss: 8.7279 - acc: 0.4351
18560/45000 [===========>..................] - ETA: 3s - loss: 8.5774 - acc: 0.4445
19520/45000 [============>.................] - ETA: 2s - loss: 8.4192 - acc: 0.4544
20480/45000 [============>.................] - ETA: 2s - loss: 8.3065 - acc: 0.4615
21376/45000 [=============>................] - ETA: 2s - loss: 8.1919 - acc: 0.4687
22208/45000 [=============>................] - ETA: 2s - loss: 8.0917 - acc: 0.4751
23104/45000 [==============>...............] - ETA: 2s - loss: 7.9793 - acc: 0.4822
23936/45000 [==============>...............] - ETA: 2s - loss: 7.8812 - acc: 0.4884
24704/45000 [===============>..............] - ETA: 2s - loss: 7.7950 - acc: 0.4938
25664/45000 [================>.............] - ETA: 1s - loss: 7.7057 - acc: 0.4994
26560/45000 [================>.............] - ETA: 1s - loss: 7.6181 - acc: 0.5048
27584/45000 [=================>............] - ETA: 1s - loss: 7.5413 - acc: 0.5096
28544/45000 [==================>...........] - ETA: 1s - loss: 7.4658 - acc: 0.5144
29376/45000 [==================>...........] - ETA: 1s - loss: 7.3992 - acc: 0.5187
29696/45000 [==================>...........] - ETA: 1s - loss: 7.3689 - acc: 0.5206
29952/45000 [==================>...........] - ETA: 1s - loss: 7.3527 - acc: 0.5217
30336/45000 [===================>..........] - ETA: 1s - loss: 7.3146 - acc: 0.5242
30976/45000 [===================>..........] - ETA: 1s - loss: 7.2769 - acc: 0.5266
31936/45000 [====================>.........] - ETA: 1s - loss: 7.2114 - acc: 0.5308
32896/45000 [====================>.........] - ETA: 1s - loss: 7.1543 - acc: 0.5345
33792/45000 [=====================>........] - ETA: 1s - loss: 7.1149 - acc: 0.5374
34624/45000 [======================>.......] - ETA: 0s - loss: 7.0642 - acc: 0.5406
35392/45000 [======================>.......] - ETA: 0s - loss: 7.0154 - acc: 0.5437
35968/45000 [======================>.......] - ETA: 0s - loss: 6.9766 - acc: 0.5462
36864/45000 [=======================>......] - ETA: 0s - loss: 6.9232 - acc: 0.5496
37568/45000 [========================>.....] - ETA: 0s - loss: 6.8868 - acc: 0.5519
38272/45000 [========================>.....] - ETA: 0s - loss: 6.8521 - acc: 0.5542
39168/45000 [=========================>....] - ETA: 0s - loss: 6.8049 - acc: 0.5572
40000/45000 [=========================>....] - ETA: 0s - loss: 6.7645 - acc: 0.5598
40768/45000 [==========================>...] - ETA: 0s - loss: 6.7371 - acc: 0.5617
41408/45000 [==========================>...] - ETA: 0s - loss: 6.7092 - acc: 0.5634
41984/45000 [==========================>...] - ETA: 0s - loss: 6.6837 - acc: 0.5651
42880/45000 [===========================>..] - ETA: 0s - loss: 6.6404 - acc: 0.5679
43776/45000 [============================>.] - ETA: 0s - loss: 6.6062 - acc: 0.5702
44608/45000 [============================>.] - ETA: 0s - loss: 6.5686 - acc: 0.5726Epoch 00001: val_loss improved from inf to 4.76604, saving model to experiments/2018-04-17_/simple_mnist/checkpoints/simple_mnist-01-4.77.hdf5

45000/45000 [==============================] - 4s 98us/step - loss: 6.5531 - acc: 0.5737 - val_loss: 4.7660 - val_acc: 0.6893
Epoch 2/20

   64/45000 [..............................] - ETA: 1:06 - loss: 6.2695 - acc: 0.5781
  832/45000 [..............................] - ETA: 7s - loss: 4.8162 - acc: 0.6887  
 1792/45000 [>.............................] - ETA: 4s - loss: 4.7431 - acc: 0.6936
 2688/45000 [>.............................] - ETA: 3s - loss: 4.7889 - acc: 0.6905
 3264/45000 [=>............................] - ETA: 4s - loss: 4.7899 - acc: 0.6912
 3520/45000 [=>............................] - ETA: 4s - loss: 4.7522 - acc: 0.6932
 3776/45000 [=>............................] - ETA: 4s - loss: 4.7749 - acc: 0.6917
 4160/45000 [=>............................] - ETA: 4s - loss: 4.8657 - acc: 0.6863
 5120/45000 [==>...........................] - ETA: 4s - loss: 4.7877 - acc: 0.6908
 5888/45000 [==>...........................] - ETA: 3s - loss: 4.8032 - acc: 0.6889
 6336/45000 [===>..........................] - ETA: 3s - loss: 4.8282 - acc: 0.6872
 6784/45000 [===>..........................] - ETA: 3s - loss: 4.8151 - acc: 0.6881
 7424/45000 [===>..........................] - ETA: 3s - loss: 4.8149 - acc: 0.6880
 8064/45000 [====>.........................] - ETA: 3s - loss: 4.7992 - acc: 0.6890
 8832/45000 [====>.........................] - ETA: 3s - loss: 4.8439 - acc: 0.6861
 9664/45000 [=====>........................] - ETA: 3s - loss: 4.8347 - acc: 0.6870
10432/45000 [=====>........................] - ETA: 3s - loss: 4.8050 - acc: 0.6885
11200/45000 [======>.......................] - ETA: 3s - loss: 4.7940 - acc: 0.6893
12032/45000 [=======>......................] - ETA: 2s - loss: 4.7702 - acc: 0.6912
12864/45000 [=======>......................] - ETA: 2s - loss: 4.7429 - acc: 0.6926
13824/45000 [========>.....................] - ETA: 2s - loss: 4.7337 - acc: 0.6935
14592/45000 [========>.....................] - ETA: 2s - loss: 4.7320 - acc: 0.6938
15360/45000 [=========>....................] - ETA: 2s - loss: 4.7264 - acc: 0.6943
16384/45000 [=========>....................] - ETA: 2s - loss: 4.7051 - acc: 0.6960
17408/45000 [==========>...................] - ETA: 2s - loss: 4.7068 - acc: 0.6958
17920/45000 [==========>...................] - ETA: 2s - loss: 4.7165 - acc: 0.6951
18560/45000 [===========>..................] - ETA: 2s - loss: 4.7293 - acc: 0.6942
19456/45000 [===========>..................] - ETA: 2s - loss: 4.7265 - acc: 0.6944
20288/45000 [============>.................] - ETA: 1s - loss: 4.7198 - acc: 0.6945
21120/45000 [=============>................] - ETA: 1s - loss: 4.7316 - acc: 0.6938
22016/45000 [=============>................] - ETA: 1s - loss: 4.7293 - acc: 0.6942
22848/45000 [==============>...............] - ETA: 1s - loss: 4.7299 - acc: 0.6941
23680/45000 [==============>...............] - ETA: 1s - loss: 4.7234 - acc: 0.6946
24448/45000 [===============>..............] - ETA: 1s - loss: 4.7217 - acc: 0.6949
25344/45000 [===============>..............] - ETA: 1s - loss: 4.7090 - acc: 0.6959
25984/45000 [================>.............] - ETA: 1s - loss: 4.7051 - acc: 0.6961
26240/45000 [================>.............] - ETA: 1s - loss: 4.7067 - acc: 0.6960
26432/45000 [================>.............] - ETA: 1s - loss: 4.7127 - acc: 0.6957
26816/45000 [================>.............] - ETA: 1s - loss: 4.7123 - acc: 0.6956
27456/45000 [=================>............] - ETA: 1s - loss: 4.7055 - acc: 0.6960
28352/45000 [=================>............] - ETA: 1s - loss: 4.6958 - acc: 0.6966
29312/45000 [==================>...........] - ETA: 1s - loss: 4.6847 - acc: 0.6973
30272/45000 [===================>..........] - ETA: 1s - loss: 4.6789 - acc: 0.6978
31232/45000 [===================>..........] - ETA: 1s - loss: 4.6838 - acc: 0.6976
32064/45000 [====================>.........] - ETA: 0s - loss: 4.6745 - acc: 0.6980
32960/45000 [====================>.........] - ETA: 0s - loss: 4.6602 - acc: 0.6987
33856/45000 [=====================>........] - ETA: 0s - loss: 4.6535 - acc: 0.6991
34752/45000 [======================>.......] - ETA: 0s - loss: 4.6493 - acc: 0.6995
35520/45000 [======================>.......] - ETA: 0s - loss: 4.6475 - acc: 0.6996
36480/45000 [=======================>......] - ETA: 0s - loss: 4.6495 - acc: 0.6994
37376/45000 [=======================>......] - ETA: 0s - loss: 4.6503 - acc: 0.6993
38272/45000 [========================>.....] - ETA: 0s - loss: 4.6453 - acc: 0.6996
39296/45000 [=========================>....] - ETA: 0s - loss: 4.6441 - acc: 0.6996
40192/45000 [=========================>....] - ETA: 0s - loss: 4.6363 - acc: 0.7001
41088/45000 [==========================>...] - ETA: 0s - loss: 4.6373 - acc: 0.7001
41856/45000 [==========================>...] - ETA: 0s - loss: 4.6347 - acc: 0.7002
42560/45000 [===========================>..] - ETA: 0s - loss: 4.6356 - acc: 0.7001
43456/45000 [===========================>..] - ETA: 0s - loss: 4.6335 - acc: 0.7001
44480/45000 [============================>.] - ETA: 0s - loss: 4.6301 - acc: 0.7004Epoch 00002: val_loss improved from 4.76604 to 4.22849, saving model to experiments/2018-04-17_/simple_mnist/checkpoints/simple_mnist-02-4.23.hdf5

45000/45000 [==============================] - 4s 81us/step - loss: 4.6227 - acc: 0.7007 - val_loss: 4.2285 - val_acc: 0.7264
Epoch 3/20

   64/45000 [..............................] - ETA: 30s - loss: 5.0419 - acc: 0.6875
  448/45000 [..............................] - ETA: 9s - loss: 4.4262 - acc: 0.7165 
 1024/45000 [..............................] - ETA: 6s - loss: 4.4016 - acc: 0.7188
 1856/45000 [>.............................] - ETA: 4s - loss: 4.4402 - acc: 0.7177
 2688/45000 [>.............................] - ETA: 3s - loss: 4.5141 - acc: 0.7132
 3584/45000 [=>............................] - ETA: 3s - loss: 4.5030 - acc: 0.7140
 4352/45000 [=>............................] - ETA: 3s - loss: 4.5068 - acc: 0.7125
 5248/45000 [==>...........................] - ETA: 3s - loss: 4.5169 - acc: 0.7113
 6208/45000 [===>..........................] - ETA: 2s - loss: 4.4600 - acc: 0.7146
 7104/45000 [===>..........................] - ETA: 2s - loss: 4.4037 - acc: 0.7182
 8064/45000 [====>.........................] - ETA: 2s - loss: 4.4196 - acc: 0.7173
 8704/45000 [====>.........................] - ETA: 2s - loss: 4.4220 - acc: 0.7169
 9536/45000 [=====>........................] - ETA: 2s - loss: 4.4110 - acc: 0.7179
10304/45000 [=====>........................] - ETA: 2s - loss: 4.4022 - acc: 0.7185
11200/45000 [======>.......................] - ETA: 2s - loss: 4.4036 - acc: 0.7183
12096/45000 [=======>......................] - ETA: 2s - loss: 4.4147 - acc: 0.7173
13056/45000 [=======>......................] - ETA: 2s - loss: 4.4195 - acc: 0.7169
13952/45000 [========>.....................] - ETA: 2s - loss: 4.4267 - acc: 0.7167
14848/45000 [========>.....................] - ETA: 1s - loss: 4.4505 - acc: 0.7154
15808/45000 [=========>....................] - ETA: 1s - loss: 4.4379 - acc: 0.7162
16512/45000 [==========>...................] - ETA: 1s - loss: 4.4287 - acc: 0.7165
17472/45000 [==========>...................] - ETA: 1s - loss: 4.4058 - acc: 0.7174
18432/45000 [===========>..................] - ETA: 1s - loss: 4.4108 - acc: 0.7172
19456/45000 [===========>..................] - ETA: 1s - loss: 4.4112 - acc: 0.7170
20224/45000 [============>.................] - ETA: 1s - loss: 4.3881 - acc: 0.7184
21120/45000 [=============>................] - ETA: 1s - loss: 4.3775 - acc: 0.7189
21888/45000 [=============>................] - ETA: 1s - loss: 4.3854 - acc: 0.7183
22848/45000 [==============>...............] - ETA: 1s - loss: 4.3941 - acc: 0.7176
23808/45000 [==============>...............] - ETA: 1s - loss: 4.4083 - acc: 0.7166
24704/45000 [===============>..............] - ETA: 1s - loss: 4.4010 - acc: 0.7169
25600/45000 [================>.............] - ETA: 1s - loss: 4.4046 - acc: 0.7168
26560/45000 [================>.............] - ETA: 1s - loss: 4.4170 - acc: 0.7159
27136/45000 [=================>............] - ETA: 1s - loss: 4.4068 - acc: 0.7164
27456/45000 [=================>............] - ETA: 1s - loss: 4.3992 - acc: 0.7170
27584/45000 [=================>............] - ETA: 1s - loss: 4.4001 - acc: 0.7169
27968/45000 [=================>............] - ETA: 1s - loss: 4.4074 - acc: 0.7165
28736/45000 [==================>...........] - ETA: 1s - loss: 4.4166 - acc: 0.7158
29632/45000 [==================>...........] - ETA: 1s - loss: 4.4416 - acc: 0.7144
30656/45000 [===================>..........] - ETA: 0s - loss: 4.4300 - acc: 0.7153
31616/45000 [====================>.........] - ETA: 0s - loss: 4.4251 - acc: 0.7156
32512/45000 [====================>.........] - ETA: 0s - loss: 4.4194 - acc: 0.7160
33408/45000 [=====================>........] - ETA: 0s - loss: 4.4158 - acc: 0.7162
34304/45000 [=====================>........] - ETA: 0s - loss: 4.4265 - acc: 0.7155
35200/45000 [======================>.......] - ETA: 0s - loss: 4.4213 - acc: 0.7159
36160/45000 [=======================>......] - ETA: 0s - loss: 4.4282 - acc: 0.7154
36992/45000 [=======================>......] - ETA: 0s - loss: 4.4255 - acc: 0.7156
37888/45000 [========================>.....] - ETA: 0s - loss: 4.4255 - acc: 0.7156
38720/45000 [========================>.....] - ETA: 0s - loss: 4.4163 - acc: 0.7163
39488/45000 [=========================>....] - ETA: 0s - loss: 4.4112 - acc: 0.7166
40000/45000 [=========================>....] - ETA: 0s - loss: 4.4100 - acc: 0.7168
40704/45000 [==========================>...] - ETA: 0s - loss: 4.4145 - acc: 0.7165
41344/45000 [==========================>...] - ETA: 0s - loss: 4.4139 - acc: 0.7166
42240/45000 [===========================>..] - ETA: 0s - loss: 4.4201 - acc: 0.7162
43072/45000 [===========================>..] - ETA: 0s - loss: 4.4193 - acc: 0.7162
43904/45000 [============================>.] - ETA: 0s - loss: 4.4129 - acc: 0.7166
44672/45000 [============================>.] - ETA: 0s - loss: 4.4194 - acc: 0.7162Epoch 00003: val_loss did not improve

45000/45000 [==============================] - 4s 79us/step - loss: 4.4140 - acc: 0.7165 - val_loss: 4.2971 - val_acc: 0.7235
Epoch 4/20

   64/45000 [..............................] - ETA: 3s - loss: 5.5407 - acc: 0.6562
  640/45000 [..............................] - ETA: 4s - loss: 4.5411 - acc: 0.7078
 1408/45000 [..............................] - ETA: 3s - loss: 4.5867 - acc: 0.7067
 2240/45000 [>.............................] - ETA: 3s - loss: 4.6546 - acc: 0.7036
 3200/45000 [=>............................] - ETA: 2s - loss: 4.5484 - acc: 0.7100
 3968/45000 [=>............................] - ETA: 2s - loss: 4.5391 - acc: 0.7104
 4864/45000 [==>...........................] - ETA: 2s - loss: 4.4238 - acc: 0.7175
 5824/45000 [==>...........................] - ETA: 2s - loss: 4.4007 - acc: 0.7182
 6720/45000 [===>..........................] - ETA: 2s - loss: 4.3764 - acc: 0.7199
 7616/45000 [====>.........................] - ETA: 2s - loss: 4.4634 - acc: 0.7147
 8448/45000 [====>.........................] - ETA: 2s - loss: 4.4223 - acc: 0.7169
 9344/45000 [=====>........................] - ETA: 2s - loss: 4.3811 - acc: 0.7196
10368/45000 [=====>........................] - ETA: 2s - loss: 4.4044 - acc: 0.7180
11264/45000 [======>.......................] - ETA: 2s - loss: 4.4085 - acc: 0.7173
12352/45000 [=======>......................] - ETA: 1s - loss: 4.3846 - acc: 0.7188
13376/45000 [=======>......................] - ETA: 1s - loss: 4.4095 - acc: 0.7168
14464/45000 [========>.....................] - ETA: 1s - loss: 4.3872 - acc: 0.7183
15424/45000 [=========>....................] - ETA: 1s - loss: 4.3690 - acc: 0.7195
16320/45000 [=========>....................] - ETA: 1s - loss: 4.3730 - acc: 0.7191
17216/45000 [==========>...................] - ETA: 1s - loss: 4.3592 - acc: 0.7200
18176/45000 [===========>..................] - ETA: 1s - loss: 4.3532 - acc: 0.7202
19136/45000 [===========>..................] - ETA: 1s - loss: 4.3307 - acc: 0.7213
19968/45000 [============>.................] - ETA: 1s - loss: 4.3388 - acc: 0.7206
20544/45000 [============>.................] - ETA: 1s - loss: 4.3541 - acc: 0.7193
21184/45000 [=============>................] - ETA: 1s - loss: 4.3443 - acc: 0.7199
21440/45000 [=============>................] - ETA: 1s - loss: 4.3433 - acc: 0.7200
21632/45000 [=============>................] - ETA: 1s - loss: 4.3383 - acc: 0.7203
22080/45000 [=============>................] - ETA: 1s - loss: 4.3482 - acc: 0.7197
22720/45000 [==============>...............] - ETA: 1s - loss: 4.3474 - acc: 0.7199
23616/45000 [==============>...............] - ETA: 1s - loss: 4.3345 - acc: 0.7208
24384/45000 [===============>..............] - ETA: 1s - loss: 4.3218 - acc: 0.7216
25152/45000 [===============>..............] - ETA: 1s - loss: 4.3218 - acc: 0.7218
26112/45000 [================>.............] - ETA: 1s - loss: 4.3267 - acc: 0.7215
27072/45000 [=================>............] - ETA: 1s - loss: 4.3330 - acc: 0.7211
28032/45000 [=================>............] - ETA: 1s - loss: 4.3327 - acc: 0.7211
28800/45000 [==================>...........] - ETA: 1s - loss: 4.3216 - acc: 0.7218
29632/45000 [==================>...........] - ETA: 0s - loss: 4.3086 - acc: 0.7226
30592/45000 [===================>..........] - ETA: 0s - loss: 4.2978 - acc: 0.7234
31552/45000 [====================>.........] - ETA: 0s - loss: 4.2937 - acc: 0.7238
32576/45000 [====================>.........] - ETA: 0s - loss: 4.2931 - acc: 0.7238
33600/45000 [=====================>........] - ETA: 0s - loss: 4.2850 - acc: 0.7244
34496/45000 [=====================>........] - ETA: 0s - loss: 4.2846 - acc: 0.7245
35520/45000 [======================>.......] - ETA: 0s - loss: 4.2846 - acc: 0.7245
36480/45000 [=======================>......] - ETA: 0s - loss: 4.2971 - acc: 0.7238
37504/45000 [========================>.....] - ETA: 0s - loss: 4.2939 - acc: 0.7240
38528/45000 [========================>.....] - ETA: 0s - loss: 4.2934 - acc: 0.7240
39552/45000 [=========================>....] - ETA: 0s - loss: 4.2935 - acc: 0.7239
40448/45000 [=========================>....] - ETA: 0s - loss: 4.2875 - acc: 0.7243
41408/45000 [==========================>...] - ETA: 0s - loss: 4.2969 - acc: 0.7238
42304/45000 [===========================>..] - ETA: 0s - loss: 4.3019 - acc: 0.7236
43200/45000 [===========================>..] - ETA: 0s - loss: 4.3135 - acc: 0.7229
43968/45000 [============================>.] - ETA: 0s - loss: 4.3177 - acc: 0.7226
44800/45000 [============================>.] - ETA: 0s - loss: 4.3119 - acc: 0.7229Epoch 00004: val_loss improved from 4.22849 to 4.15699, saving model to experiments/2018-04-17_/simple_mnist/checkpoints/simple_mnist-04-4.16.hdf5

45000/45000 [==============================] - 3s 74us/step - loss: 4.3076 - acc: 0.7232 - val_loss: 4.1570 - val_acc: 0.7342
Epoch 5/20

   64/45000 [..............................] - ETA: 8s - loss: 3.8684 - acc: 0.7500
  576/45000 [..............................] - ETA: 4s - loss: 3.6013 - acc: 0.7639
 1408/45000 [..............................] - ETA: 3s - loss: 3.9645 - acc: 0.7464
 2048/45000 [>.............................] - ETA: 3s - loss: 4.1353 - acc: 0.7354
 2880/45000 [>.............................] - ETA: 3s - loss: 4.1660 - acc: 0.7333
 3648/45000 [=>............................] - ETA: 3s - loss: 4.2685 - acc: 0.7275
 4544/45000 [==>...........................] - ETA: 2s - loss: 4.1613 - acc: 0.7342
 5376/45000 [==>...........................] - ETA: 2s - loss: 4.2341 - acc: 0.7294
 6144/45000 [===>..........................] - ETA: 2s - loss: 4.1848 - acc: 0.7319
 6976/45000 [===>..........................] - ETA: 2s - loss: 4.2012 - acc: 0.7312
 8000/45000 [====>.........................] - ETA: 2s - loss: 4.1324 - acc: 0.7354
 8832/45000 [====>.........................] - ETA: 2s - loss: 4.1166 - acc: 0.7364
 9664/45000 [=====>........................] - ETA: 2s - loss: 4.1094 - acc: 0.7370
10560/45000 [======>.......................] - ETA: 2s - loss: 4.1262 - acc: 0.7362
11456/45000 [======>.......................] - ETA: 2s - loss: 4.1119 - acc: 0.7370
12416/45000 [=======>......................] - ETA: 2s - loss: 4.1666 - acc: 0.7331
13440/45000 [=======>......................] - ETA: 1s - loss: 4.1628 - acc: 0.7334
14464/45000 [========>.....................] - ETA: 1s - loss: 4.1622 - acc: 0.7337
15424/45000 [=========>....................] - ETA: 1s - loss: 4.1842 - acc: 0.7322
16256/45000 [=========>....................] - ETA: 1s - loss: 4.1952 - acc: 0.7314
17152/45000 [==========>...................] - ETA: 1s - loss: 4.2187 - acc: 0.7299
18176/45000 [===========>..................] - ETA: 1s - loss: 4.2209 - acc: 0.7297
19200/45000 [===========>..................] - ETA: 1s - loss: 4.2176 - acc: 0.7298
20224/45000 [============>.................] - ETA: 1s - loss: 4.2276 - acc: 0.7290
21248/45000 [=============>................] - ETA: 1s - loss: 4.2213 - acc: 0.7296
22272/45000 [=============>................] - ETA: 1s - loss: 4.2164 - acc: 0.7299
23296/45000 [==============>...............] - ETA: 1s - loss: 4.2144 - acc: 0.7300
24192/45000 [===============>..............] - ETA: 1s - loss: 4.2236 - acc: 0.7295
24960/45000 [===============>..............] - ETA: 1s - loss: 4.2231 - acc: 0.7296
25664/45000 [================>.............] - ETA: 1s - loss: 4.2173 - acc: 0.7299
26304/45000 [================>.............] - ETA: 1s - loss: 4.2230 - acc: 0.7295
27136/45000 [=================>............] - ETA: 1s - loss: 4.2117 - acc: 0.7301
27776/45000 [=================>............] - ETA: 1s - loss: 4.2323 - acc: 0.7288
28096/45000 [=================>............] - ETA: 1s - loss: 4.2351 - acc: 0.7286
28288/45000 [=================>............] - ETA: 1s - loss: 4.2343 - acc: 0.7287
28736/45000 [==================>...........] - ETA: 1s - loss: 4.2336 - acc: 0.7287
29312/45000 [==================>...........] - ETA: 1s - loss: 4.2381 - acc: 0.7283
30208/45000 [===================>..........] - ETA: 0s - loss: 4.2448 - acc: 0.7278
30976/45000 [===================>..........] - ETA: 0s - loss: 4.2455 - acc: 0.7277
31808/45000 [====================>.........] - ETA: 0s - loss: 4.2429 - acc: 0.7279
32384/45000 [====================>.........] - ETA: 0s - loss: 4.2510 - acc: 0.7274
33280/45000 [=====================>........] - ETA: 0s - loss: 4.2461 - acc: 0.7277
34176/45000 [=====================>........] - ETA: 0s - loss: 4.2343 - acc: 0.7285
35200/45000 [======================>.......] - ETA: 0s - loss: 4.2385 - acc: 0.7282
35712/45000 [======================>.......] - ETA: 0s - loss: 4.2418 - acc: 0.7281
36736/45000 [=======================>......] - ETA: 0s - loss: 4.2374 - acc: 0.7282
37632/45000 [========================>.....] - ETA: 0s - loss: 4.2296 - acc: 0.7287
38592/45000 [========================>.....] - ETA: 0s - loss: 4.2225 - acc: 0.7291
39168/45000 [=========================>....] - ETA: 0s - loss: 4.2161 - acc: 0.7294
40000/45000 [=========================>....] - ETA: 0s - loss: 4.2074 - acc: 0.7299
40832/45000 [==========================>...] - ETA: 0s - loss: 4.1911 - acc: 0.7308
41792/45000 [==========================>...] - ETA: 0s - loss: 4.1753 - acc: 0.7319
42432/45000 [===========================>..] - ETA: 0s - loss: 4.1612 - acc: 0.7328
43392/45000 [===========================>..] - ETA: 0s - loss: 4.1411 - acc: 0.7340
44288/45000 [============================>.] - ETA: 0s - loss: 4.1209 - acc: 0.7352Epoch 00005: val_loss improved from 4.15699 to 3.02555, saving model to experiments/2018-04-17_/simple_mnist/checkpoints/simple_mnist-05-3.03.hdf5

45000/45000 [==============================] - 3s 72us/step - loss: 4.1094 - acc: 0.7359 - val_loss: 3.0256 - val_acc: 0.8003
Epoch 6/20

   64/45000 [..............................] - ETA: 14s - loss: 3.3196 - acc: 0.7812
  320/45000 [..............................] - ETA: 11s - loss: 3.2367 - acc: 0.7844
  576/45000 [..............................] - ETA: 10s - loss: 3.0489 - acc: 0.7969
  960/45000 [..............................] - ETA: 8s - loss: 3.1033 - acc: 0.7937 
 1920/45000 [>.............................] - ETA: 5s - loss: 3.1014 - acc: 0.7969
 2816/45000 [>.............................] - ETA: 4s - loss: 3.0905 - acc: 0.7987
 3712/45000 [=>............................] - ETA: 3s - loss: 3.1666 - acc: 0.7928
 4544/45000 [==>...........................] - ETA: 3s - loss: 3.1465 - acc: 0.7938
 5440/45000 [==>...........................] - ETA: 3s - loss: 3.1559 - acc: 0.7928
 6336/45000 [===>..........................] - ETA: 3s - loss: 3.1692 - acc: 0.7921
 7424/45000 [===>..........................] - ETA: 2s - loss: 3.1247 - acc: 0.7943
 8384/45000 [====>.........................] - ETA: 2s - loss: 3.1648 - acc: 0.7914
 9344/45000 [=====>........................] - ETA: 2s - loss: 3.1296 - acc: 0.7940
10240/45000 [=====>........................] - ETA: 2s - loss: 3.1297 - acc: 0.7937
11072/45000 [======>.......................] - ETA: 2s - loss: 3.1167 - acc: 0.7947
12032/45000 [=======>......................] - ETA: 2s - loss: 3.0998 - acc: 0.7960
13056/45000 [=======>......................] - ETA: 2s - loss: 3.0843 - acc: 0.7972
14016/45000 [========>.....................] - ETA: 2s - loss: 3.0757 - acc: 0.7976
14912/45000 [========>.....................] - ETA: 1s - loss: 3.0683 - acc: 0.7979
15808/45000 [=========>....................] - ETA: 1s - loss: 3.0786 - acc: 0.7970
16704/45000 [==========>...................] - ETA: 1s - loss: 3.0591 - acc: 0.7981
17600/45000 [==========>...................] - ETA: 1s - loss: 3.0535 - acc: 0.7981
18496/45000 [===========>..................] - ETA: 1s - loss: 3.0346 - acc: 0.7996
19392/45000 [===========>..................] - ETA: 1s - loss: 3.0210 - acc: 0.8002
20224/45000 [============>.................] - ETA: 1s - loss: 3.0147 - acc: 0.8005
20928/45000 [============>.................] - ETA: 1s - loss: 3.0023 - acc: 0.8013
21824/45000 [=============>................] - ETA: 1s - loss: 2.9744 - acc: 0.8030
22784/45000 [==============>...............] - ETA: 1s - loss: 2.9562 - acc: 0.8041
23552/45000 [==============>...............] - ETA: 1s - loss: 2.9404 - acc: 0.8049
23808/45000 [==============>...............] - ETA: 1s - loss: 2.9387 - acc: 0.8049
24000/45000 [===============>..............] - ETA: 1s - loss: 2.9374 - acc: 0.8050
24448/45000 [===============>..............] - ETA: 1s - loss: 2.9310 - acc: 0.8055
25088/45000 [===============>..............] - ETA: 1s - loss: 2.9217 - acc: 0.8061
26048/45000 [================>.............] - ETA: 1s - loss: 2.9185 - acc: 0.8061
26816/45000 [================>.............] - ETA: 1s - loss: 2.9239 - acc: 0.8059
27712/45000 [=================>............] - ETA: 1s - loss: 2.9162 - acc: 0.8065
28672/45000 [==================>...........] - ETA: 1s - loss: 2.9045 - acc: 0.8074
29568/45000 [==================>...........] - ETA: 1s - loss: 2.9094 - acc: 0.8072
30400/45000 [===================>..........] - ETA: 0s - loss: 2.9020 - acc: 0.8076
31360/45000 [===================>..........] - ETA: 0s - loss: 2.9068 - acc: 0.8074
32192/45000 [====================>.........] - ETA: 0s - loss: 2.9002 - acc: 0.8078
33152/45000 [=====================>........] - ETA: 0s - loss: 2.8944 - acc: 0.8082
34048/45000 [=====================>........] - ETA: 0s - loss: 2.8899 - acc: 0.8085
35072/45000 [======================>.......] - ETA: 0s - loss: 2.8973 - acc: 0.8081
36096/45000 [=======================>......] - ETA: 0s - loss: 2.8940 - acc: 0.8084
36992/45000 [=======================>......] - ETA: 0s - loss: 2.8876 - acc: 0.8088
37952/45000 [========================>.....] - ETA: 0s - loss: 2.8942 - acc: 0.8084
38656/45000 [========================>.....] - ETA: 0s - loss: 2.8912 - acc: 0.8086
39488/45000 [=========================>....] - ETA: 0s - loss: 2.8876 - acc: 0.8087
40448/45000 [=========================>....] - ETA: 0s - loss: 2.8887 - acc: 0.8086
41472/45000 [==========================>...] - ETA: 0s - loss: 2.8828 - acc: 0.8090
42432/45000 [===========================>..] - ETA: 0s - loss: 2.8858 - acc: 0.8088
43328/45000 [===========================>..] - ETA: 0s - loss: 2.8821 - acc: 0.8091
44224/45000 [============================>.] - ETA: 0s - loss: 2.8820 - acc: 0.8091
44544/45000 [============================>.] - ETA: 0s - loss: 2.8840 - acc: 0.8090
44800/45000 [============================>.] - ETA: 0s - loss: 2.8819 - acc: 0.8092Epoch 00006: val_loss improved from 3.02555 to 2.78689, saving model to experiments/2018-04-17_/simple_mnist/checkpoints/simple_mnist-06-2.79.hdf5

45000/45000 [==============================] - 3s 76us/step - loss: 2.8802 - acc: 0.8093 - val_loss: 2.7869 - val_acc: 0.8166
Epoch 7/20

   64/45000 [..............................] - ETA: 3s - loss: 1.7629 - acc: 0.8906
 1088/45000 [..............................] - ETA: 2s - loss: 2.8266 - acc: 0.8180
 2112/45000 [>.............................] - ETA: 2s - loss: 2.9786 - acc: 0.8068
 3136/45000 [=>............................] - ETA: 2s - loss: 2.9305 - acc: 0.8099
 4032/45000 [=>............................] - ETA: 2s - loss: 2.8788 - acc: 0.8127
 4992/45000 [==>...........................] - ETA: 2s - loss: 2.8210 - acc: 0.8159
 5568/45000 [==>...........................] - ETA: 2s - loss: 2.8464 - acc: 0.8148
 6400/45000 [===>..........................] - ETA: 2s - loss: 2.8233 - acc: 0.8164
 7232/45000 [===>..........................] - ETA: 2s - loss: 2.8615 - acc: 0.8139
 8192/45000 [====>.........................] - ETA: 2s - loss: 2.8127 - acc: 0.8171
 8704/45000 [====>.........................] - ETA: 2s - loss: 2.8075 - acc: 0.8172
 9600/45000 [=====>........................] - ETA: 2s - loss: 2.8030 - acc: 0.8177
10432/45000 [=====>........................] - ETA: 2s - loss: 2.8205 - acc: 0.8166
11392/45000 [======>.......................] - ETA: 1s - loss: 2.7854 - acc: 0.8187
11904/45000 [======>.......................] - ETA: 2s - loss: 2.7680 - acc: 0.8197
12672/45000 [=======>......................] - ETA: 1s - loss: 2.7849 - acc: 0.8187
13504/45000 [========>.....................] - ETA: 1s - loss: 2.7641 - acc: 0.8201
14464/45000 [========>.....................] - ETA: 1s - loss: 2.7461 - acc: 0.8212
14976/45000 [========>.....................] - ETA: 1s - loss: 2.7363 - acc: 0.8216
15744/45000 [=========>....................] - ETA: 1s - loss: 2.7409 - acc: 0.8211
16064/45000 [=========>....................] - ETA: 1s - loss: 2.7384 - acc: 0.8212
16320/45000 [=========>....................] - ETA: 1s - loss: 2.7494 - acc: 0.8206
16768/45000 [==========>...................] - ETA: 2s - loss: 2.7417 - acc: 0.8211
17408/45000 [==========>...................] - ETA: 1s - loss: 2.7378 - acc: 0.8214
18304/45000 [===========>..................] - ETA: 1s - loss: 2.7457 - acc: 0.8207
19328/45000 [===========>..................] - ETA: 1s - loss: 2.7292 - acc: 0.8216
20224/45000 [============>.................] - ETA: 1s - loss: 2.7304 - acc: 0.8212
20928/45000 [============>.................] - ETA: 1s - loss: 2.7256 - acc: 0.8216
21632/45000 [=============>................] - ETA: 1s - loss: 2.7243 - acc: 0.8217
22464/45000 [=============>................] - ETA: 1s - loss: 2.7136 - acc: 0.8223
23360/45000 [==============>...............] - ETA: 1s - loss: 2.7038 - acc: 0.8231
24320/45000 [===============>..............] - ETA: 1s - loss: 2.6959 - acc: 0.8235
25152/45000 [===============>..............] - ETA: 1s - loss: 2.6949 - acc: 0.8236
26048/45000 [================>.............] - ETA: 1s - loss: 2.6975 - acc: 0.8234
27008/45000 [=================>............] - ETA: 1s - loss: 2.6984 - acc: 0.8234
28032/45000 [=================>............] - ETA: 1s - loss: 2.6964 - acc: 0.8236
28672/45000 [==================>...........] - ETA: 1s - loss: 2.6883 - acc: 0.8241
29696/45000 [==================>...........] - ETA: 1s - loss: 2.6886 - acc: 0.8240
30656/45000 [===================>..........] - ETA: 0s - loss: 2.7036 - acc: 0.8231
31744/45000 [====================>.........] - ETA: 0s - loss: 2.6949 - acc: 0.8236
32640/45000 [====================>.........] - ETA: 0s - loss: 2.6925 - acc: 0.8237
33536/45000 [=====================>........] - ETA: 0s - loss: 2.6866 - acc: 0.8240
34432/45000 [=====================>........] - ETA: 0s - loss: 2.6789 - acc: 0.8245
35328/45000 [======================>.......] - ETA: 0s - loss: 2.6831 - acc: 0.8240
36224/45000 [=======================>......] - ETA: 0s - loss: 2.6765 - acc: 0.8244
37184/45000 [=======================>......] - ETA: 0s - loss: 2.6717 - acc: 0.8247
38080/45000 [========================>.....] - ETA: 0s - loss: 2.6727 - acc: 0.8245
38976/45000 [========================>.....] - ETA: 0s - loss: 2.6788 - acc: 0.8241
39872/45000 [=========================>....] - ETA: 0s - loss: 2.6796 - acc: 0.8241
40768/45000 [==========================>...] - ETA: 0s - loss: 2.6792 - acc: 0.8241
41728/45000 [==========================>...] - ETA: 0s - loss: 2.6710 - acc: 0.8245
42560/45000 [===========================>..] - ETA: 0s - loss: 2.6747 - acc: 0.8243
43520/45000 [============================>.] - ETA: 0s - loss: 2.6670 - acc: 0.8248
43840/45000 [============================>.] - ETA: 0s - loss: 2.6698 - acc: 0.8246
44160/45000 [============================>.] - ETA: 0s - loss: 2.6679 - acc: 0.8248
44352/45000 [============================>.] - ETA: 0s - loss: 2.6678 - acc: 0.8247
44736/45000 [============================>.] - ETA: 0s - loss: 2.6659 - acc: 0.8247Epoch 00007: val_loss improved from 2.78689 to 2.57279, saving model to experiments/2018-04-17_/simple_mnist/checkpoints/simple_mnist-07-2.57.hdf5

45000/45000 [==============================] - 3s 75us/step - loss: 2.6689 - acc: 0.8245 - val_loss: 2.5728 - val_acc: 0.8285
Epoch 8/20

   64/45000 [..............................] - ETA: 10s - loss: 3.2544 - acc: 0.7969
  704/45000 [..............................] - ETA: 4s - loss: 3.1537 - acc: 0.7926 
 1472/45000 [..............................] - ETA: 3s - loss: 2.7742 - acc: 0.8179
 2304/45000 [>.............................] - ETA: 3s - loss: 2.6664 - acc: 0.8225
 3072/45000 [=>............................] - ETA: 3s - loss: 2.6077 - acc: 0.8258
 3968/45000 [=>............................] - ETA: 2s - loss: 2.5495 - acc: 0.8309
 4928/45000 [==>...........................] - ETA: 2s - loss: 2.5424 - acc: 0.8320
 5888/45000 [==>...........................] - ETA: 2s - loss: 2.5765 - acc: 0.8298
 6848/45000 [===>..........................] - ETA: 2s - loss: 2.5848 - acc: 0.8291
 7488/45000 [===>..........................] - ETA: 2s - loss: 2.5580 - acc: 0.8307
 8320/45000 [====>.........................] - ETA: 2s - loss: 2.5440 - acc: 0.8313
 9344/45000 [=====>........................] - ETA: 2s - loss: 2.5531 - acc: 0.8310
10304/45000 [=====>........................] - ETA: 2s - loss: 2.5664 - acc: 0.8301
11264/45000 [======>.......................] - ETA: 2s - loss: 2.5710 - acc: 0.8300
12224/45000 [=======>......................] - ETA: 2s - loss: 2.5626 - acc: 0.8303
13120/45000 [=======>......................] - ETA: 1s - loss: 2.5630 - acc: 0.8303
13952/45000 [========>.....................] - ETA: 1s - loss: 2.5519 - acc: 0.8311
14912/45000 [========>.....................] - ETA: 1s - loss: 2.5427 - acc: 0.8314
15744/45000 [=========>....................] - ETA: 1s - loss: 2.5267 - acc: 0.8324
16576/45000 [==========>...................] - ETA: 1s - loss: 2.5334 - acc: 0.8319
17472/45000 [==========>...................] - ETA: 1s - loss: 2.5242 - acc: 0.8324
18304/45000 [===========>..................] - ETA: 1s - loss: 2.5240 - acc: 0.8326
19072/45000 [===========>..................] - ETA: 1s - loss: 2.5407 - acc: 0.8316
19328/45000 [===========>..................] - ETA: 1s - loss: 2.5573 - acc: 0.8305
19648/45000 [============>.................] - ETA: 1s - loss: 2.5710 - acc: 0.8296
20032/45000 [============>.................] - ETA: 1s - loss: 2.5668 - acc: 0.8298
20672/45000 [============>.................] - ETA: 1s - loss: 2.5699 - acc: 0.8297
21632/45000 [=============>................] - ETA: 1s - loss: 2.5778 - acc: 0.8292
22592/45000 [==============>...............] - ETA: 1s - loss: 2.5797 - acc: 0.8290
23424/45000 [==============>...............] - ETA: 1s - loss: 2.5966 - acc: 0.8280
24384/45000 [===============>..............] - ETA: 1s - loss: 2.6022 - acc: 0.8279
25344/45000 [===============>..............] - ETA: 1s - loss: 2.6033 - acc: 0.8278
26176/45000 [================>.............] - ETA: 1s - loss: 2.5892 - acc: 0.8286
27008/45000 [=================>............] - ETA: 1s - loss: 2.5847 - acc: 0.8291
27712/45000 [=================>............] - ETA: 1s - loss: 2.5795 - acc: 0.8295
28416/45000 [=================>............] - ETA: 1s - loss: 2.5775 - acc: 0.8296
29120/45000 [==================>...........] - ETA: 1s - loss: 2.5882 - acc: 0.8290
30144/45000 [===================>..........] - ETA: 0s - loss: 2.5954 - acc: 0.8285
31168/45000 [===================>..........] - ETA: 0s - loss: 2.5959 - acc: 0.8284
32000/45000 [====================>.........] - ETA: 0s - loss: 2.6001 - acc: 0.8281
32896/45000 [====================>.........] - ETA: 0s - loss: 2.5984 - acc: 0.8282
33792/45000 [=====================>........] - ETA: 0s - loss: 2.5848 - acc: 0.8289
34560/45000 [======================>.......] - ETA: 0s - loss: 2.5799 - acc: 0.8291
35584/45000 [======================>.......] - ETA: 0s - loss: 2.5821 - acc: 0.8289
36224/45000 [=======================>......] - ETA: 0s - loss: 2.5904 - acc: 0.8284
37056/45000 [=======================>......] - ETA: 0s - loss: 2.5903 - acc: 0.8284
37952/45000 [========================>.....] - ETA: 0s - loss: 2.5868 - acc: 0.8286
38784/45000 [========================>.....] - ETA: 0s - loss: 2.5970 - acc: 0.8279
39360/45000 [=========================>....] - ETA: 0s - loss: 2.6050 - acc: 0.8274
40128/45000 [=========================>....] - ETA: 0s - loss: 2.6019 - acc: 0.8276
41024/45000 [==========================>...] - ETA: 0s - loss: 2.6026 - acc: 0.8277
41920/45000 [==========================>...] - ETA: 0s - loss: 2.6019 - acc: 0.8278
42624/45000 [===========================>..] - ETA: 0s - loss: 2.6036 - acc: 0.8277
42880/45000 [===========================>..] - ETA: 0s - loss: 2.6039 - acc: 0.8277
43072/45000 [===========================>..] - ETA: 0s - loss: 2.6051 - acc: 0.8277
43456/45000 [===========================>..] - ETA: 0s - loss: 2.6021 - acc: 0.8279
43840/45000 [============================>.] - ETA: 0s - loss: 2.6013 - acc: 0.8279
44672/45000 [============================>.] - ETA: 0s - loss: 2.5993 - acc: 0.8281Epoch 00008: val_loss did not improve

45000/45000 [==============================] - 3s 76us/step - loss: 2.6021 - acc: 0.8279 - val_loss: 2.6000 - val_acc: 0.8259
Epoch 9/20

   64/45000 [..............................] - ETA: 3s - loss: 3.9563 - acc: 0.7188
 1088/45000 [..............................] - ETA: 2s - loss: 2.8322 - acc: 0.8079
 2112/45000 [>.............................] - ETA: 2s - loss: 2.7862 - acc: 0.8120
 3136/45000 [=>............................] - ETA: 2s - loss: 2.7019 - acc: 0.8208
 4032/45000 [=>............................] - ETA: 2s - loss: 2.6811 - acc: 0.8227
 4800/45000 [==>...........................] - ETA: 2s - loss: 2.5705 - acc: 0.8298
 5568/45000 [==>...........................] - ETA: 2s - loss: 2.5520 - acc: 0.8312
 6400/45000 [===>..........................] - ETA: 2s - loss: 2.5703 - acc: 0.8295
 7360/45000 [===>..........................] - ETA: 2s - loss: 2.5716 - acc: 0.8298
 8128/45000 [====>.........................] - ETA: 2s - loss: 2.6015 - acc: 0.8282
 8960/45000 [====>.........................] - ETA: 2s - loss: 2.5893 - acc: 0.8285
 9920/45000 [=====>........................] - ETA: 2s - loss: 2.5552 - acc: 0.8306
10816/45000 [======>.......................] - ETA: 1s - loss: 2.5671 - acc: 0.8300
11136/45000 [======>.......................] - ETA: 2s - loss: 2.5689 - acc: 0.8300
11456/45000 [======>.......................] - ETA: 2s - loss: 2.5655 - acc: 0.8300
11904/45000 [======>.......................] - ETA: 2s - loss: 2.5853 - acc: 0.8290
12608/45000 [=======>......................] - ETA: 2s - loss: 2.5706 - acc: 0.8293
13568/45000 [========>.....................] - ETA: 2s - loss: 2.5720 - acc: 0.8291
14464/45000 [========>.....................] - ETA: 2s - loss: 2.5775 - acc: 0.8287
15168/45000 [=========>....................] - ETA: 2s - loss: 2.5683 - acc: 0.8290
15872/45000 [=========>....................] - ETA: 1s - loss: 2.5534 - acc: 0.8301
16704/45000 [==========>...................] - ETA: 1s - loss: 2.5525 - acc: 0.8301
17536/45000 [==========>...................] - ETA: 1s - loss: 2.5499 - acc: 0.8301
18368/45000 [===========>..................] - ETA: 1s - loss: 2.5599 - acc: 0.8294
19264/45000 [===========>..................] - ETA: 1s - loss: 2.5618 - acc: 0.8293
20288/45000 [============>.................] - ETA: 1s - loss: 2.5812 - acc: 0.8280
21248/45000 [=============>................] - ETA: 1s - loss: 2.5836 - acc: 0.8279
22208/45000 [=============>................] - ETA: 1s - loss: 2.5831 - acc: 0.8277
23040/45000 [==============>...............] - ETA: 1s - loss: 2.5825 - acc: 0.8278
23680/45000 [==============>...............] - ETA: 1s - loss: 2.5818 - acc: 0.8279
24576/45000 [===============>..............] - ETA: 1s - loss: 2.5838 - acc: 0.8276
25472/45000 [===============>..............] - ETA: 1s - loss: 2.5775 - acc: 0.8281
26432/45000 [================>.............] - ETA: 1s - loss: 2.5671 - acc: 0.8285
27264/45000 [=================>............] - ETA: 1s - loss: 2.5586 - acc: 0.8289
28224/45000 [=================>............] - ETA: 1s - loss: 2.5501 - acc: 0.8295
29184/45000 [==================>...........] - ETA: 1s - loss: 2.5467 - acc: 0.8298
29888/45000 [==================>...........] - ETA: 0s - loss: 2.5426 - acc: 0.8301
30656/45000 [===================>..........] - ETA: 0s - loss: 2.5382 - acc: 0.8302
31488/45000 [===================>..........] - ETA: 0s - loss: 2.5299 - acc: 0.8308
32256/45000 [====================>.........] - ETA: 0s - loss: 2.5279 - acc: 0.8311
33024/45000 [=====================>........] - ETA: 0s - loss: 2.5378 - acc: 0.8304
33792/45000 [=====================>........] - ETA: 0s - loss: 2.5378 - acc: 0.8304
34688/45000 [======================>.......] - ETA: 0s - loss: 2.5285 - acc: 0.8310
35392/45000 [======================>.......] - ETA: 0s - loss: 2.5269 - acc: 0.8311
36160/45000 [=======================>......] - ETA: 0s - loss: 2.5233 - acc: 0.8315
37120/45000 [=======================>......] - ETA: 0s - loss: 2.5181 - acc: 0.8319
37632/45000 [========================>.....] - ETA: 0s - loss: 2.5236 - acc: 0.8316
38016/45000 [========================>.....] - ETA: 0s - loss: 2.5214 - acc: 0.8318
38272/45000 [========================>.....] - ETA: 0s - loss: 2.5206 - acc: 0.8318
38656/45000 [========================>.....] - ETA: 0s - loss: 2.5190 - acc: 0.8319
39488/45000 [=========================>....] - ETA: 0s - loss: 2.5186 - acc: 0.8321
40128/45000 [=========================>....] - ETA: 0s - loss: 2.5246 - acc: 0.8316
41024/45000 [==========================>...] - ETA: 0s - loss: 2.5255 - acc: 0.8315
41536/45000 [==========================>...] - ETA: 0s - loss: 2.5271 - acc: 0.8314
42432/45000 [===========================>..] - ETA: 0s - loss: 2.5265 - acc: 0.8315
43264/45000 [===========================>..] - ETA: 0s - loss: 2.5252 - acc: 0.8316
44160/45000 [============================>.] - ETA: 0s - loss: 2.5243 - acc: 0.8316
44928/45000 [============================>.] - ETA: 0s - loss: 2.5293 - acc: 0.8312Epoch 00009: val_loss improved from 2.57279 to 2.52228, saving model to experiments/2018-04-17_/simple_mnist/checkpoints/simple_mnist-09-2.52.hdf5

45000/45000 [==============================] - 3s 75us/step - loss: 2.5298 - acc: 0.8312 - val_loss: 2.5223 - val_acc: 0.8315
Epoch 10/20

   64/45000 [..............................] - ETA: 3s - loss: 2.1385 - acc: 0.8438
  960/45000 [..............................] - ETA: 2s - loss: 2.6547 - acc: 0.8281
 1856/45000 [>.............................] - ETA: 2s - loss: 2.6224 - acc: 0.8265
 2752/45000 [>.............................] - ETA: 2s - loss: 2.5024 - acc: 0.8358
 3648/45000 [=>............................] - ETA: 2s - loss: 2.4368 - acc: 0.8399
 4608/45000 [==>...........................] - ETA: 2s - loss: 2.4377 - acc: 0.8398
 5632/45000 [==>...........................] - ETA: 2s - loss: 2.4852 - acc: 0.8363
 6528/45000 [===>..........................] - ETA: 2s - loss: 2.5600 - acc: 0.8312
 7552/45000 [====>.........................] - ETA: 2s - loss: 2.5767 - acc: 0.8300
 8512/45000 [====>.........................] - ETA: 2s - loss: 2.5732 - acc: 0.8304
 9280/45000 [=====>........................] - ETA: 2s - loss: 2.5745 - acc: 0.8302
10176/45000 [=====>........................] - ETA: 1s - loss: 2.5682 - acc: 0.8302
11008/45000 [======>.......................] - ETA: 1s - loss: 2.5861 - acc: 0.8291
11456/45000 [======>.......................] - ETA: 2s - loss: 2.5839 - acc: 0.8289
11776/45000 [======>.......................] - ETA: 2s - loss: 2.5736 - acc: 0.8296
12224/45000 [=======>......................] - ETA: 2s - loss: 2.5821 - acc: 0.8291
12928/45000 [=======>......................] - ETA: 2s - loss: 2.5793 - acc: 0.8292
13760/45000 [========>.....................] - ETA: 2s - loss: 2.5846 - acc: 0.8281
14656/45000 [========>.....................] - ETA: 2s - loss: 2.5869 - acc: 0.8279
15616/45000 [=========>....................] - ETA: 1s - loss: 2.5866 - acc: 0.8279
16640/45000 [==========>...................] - ETA: 1s - loss: 2.5773 - acc: 0.8284
17664/45000 [==========>...................] - ETA: 1s - loss: 2.5686 - acc: 0.8289
18560/45000 [===========>..................] - ETA: 1s - loss: 2.5498 - acc: 0.8302
19520/45000 [============>.................] - ETA: 1s - loss: 2.5500 - acc: 0.8304
20544/45000 [============>.................] - ETA: 1s - loss: 2.5661 - acc: 0.8291
21376/45000 [=============>................] - ETA: 1s - loss: 2.5604 - acc: 0.8295
22336/45000 [=============>................] - ETA: 1s - loss: 2.5580 - acc: 0.8298
23296/45000 [==============>...............] - ETA: 1s - loss: 2.5384 - acc: 0.8311
24256/45000 [===============>..............] - ETA: 1s - loss: 2.5244 - acc: 0.8320
25152/45000 [===============>..............] - ETA: 1s - loss: 2.5150 - acc: 0.8326
26112/45000 [================>.............] - ETA: 1s - loss: 2.5270 - acc: 0.8318
27072/45000 [=================>............] - ETA: 1s - loss: 2.5325 - acc: 0.8315
27840/45000 [=================>............] - ETA: 1s - loss: 2.5207 - acc: 0.8321
28800/45000 [==================>...........] - ETA: 0s - loss: 2.5170 - acc: 0.8322
29760/45000 [==================>...........] - ETA: 0s - loss: 2.5166 - acc: 0.8321
30656/45000 [===================>..........] - ETA: 0s - loss: 2.5210 - acc: 0.8318
31680/45000 [====================>.........] - ETA: 0s - loss: 2.5184 - acc: 0.8321
32448/45000 [====================>.........] - ETA: 0s - loss: 2.5204 - acc: 0.8320
33152/45000 [=====================>........] - ETA: 0s - loss: 2.5114 - acc: 0.8327
33856/45000 [=====================>........] - ETA: 0s - loss: 2.5149 - acc: 0.8325
34496/45000 [=====================>........] - ETA: 0s - loss: 2.5107 - acc: 0.8329
35392/45000 [======================>.......] - ETA: 0s - loss: 2.5055 - acc: 0.8332
36352/45000 [=======================>......] - ETA: 0s - loss: 2.5032 - acc: 0.8335
37184/45000 [=======================>......] - ETA: 0s - loss: 2.4986 - acc: 0.8339
37376/45000 [=======================>......] - ETA: 0s - loss: 2.4961 - acc: 0.8340
37568/45000 [========================>.....] - ETA: 0s - loss: 2.4981 - acc: 0.8340
38016/45000 [========================>.....] - ETA: 0s - loss: 2.4919 - acc: 0.8343
38528/45000 [========================>.....] - ETA: 0s - loss: 2.4879 - acc: 0.8346
39488/45000 [=========================>....] - ETA: 0s - loss: 2.4854 - acc: 0.8346
40384/45000 [=========================>....] - ETA: 0s - loss: 2.4859 - acc: 0.8346
41344/45000 [==========================>...] - ETA: 0s - loss: 2.4913 - acc: 0.8342
41920/45000 [==========================>...] - ETA: 0s - loss: 2.4951 - acc: 0.8340
42816/45000 [===========================>..] - ETA: 0s - loss: 2.4946 - acc: 0.8340
43648/45000 [============================>.] - ETA: 0s - loss: 2.4936 - acc: 0.8341
44544/45000 [============================>.] - ETA: 0s - loss: 2.5020 - acc: 0.8336Epoch 00010: val_loss improved from 2.52228 to 2.39555, saving model to experiments/2018-04-17_/simple_mnist/checkpoints/simple_mnist-10-2.40.hdf5

45000/45000 [==============================] - 3s 75us/step - loss: 2.5015 - acc: 0.8336 - val_loss: 2.3955 - val_acc: 0.8389
Epoch 11/20

   64/45000 [..............................] - ETA: 3s - loss: 2.5187 - acc: 0.8125
  960/45000 [..............................] - ETA: 2s - loss: 2.4553 - acc: 0.8396
 1856/45000 [>.............................] - ETA: 2s - loss: 2.4049 - acc: 0.8411
 2752/45000 [>.............................] - ETA: 2s - loss: 2.3248 - acc: 0.8463
 3712/45000 [=>............................] - ETA: 2s - loss: 2.2896 - acc: 0.8491
 4672/45000 [==>...........................] - ETA: 2s - loss: 2.3032 - acc: 0.8476
 5440/45000 [==>...........................] - ETA: 2s - loss: 2.3045 - acc: 0.8471
 6336/45000 [===>..........................] - ETA: 2s - loss: 2.3010 - acc: 0.8475
 7040/45000 [===>..........................] - ETA: 2s - loss: 2.3257 - acc: 0.8456
 7360/45000 [===>..........................] - ETA: 2s - loss: 2.3333 - acc: 0.8446
 7552/45000 [====>.........................] - ETA: 2s - loss: 2.3452 - acc: 0.8439
 7872/45000 [====>.........................] - ETA: 2s - loss: 2.3413 - acc: 0.8440
 8384/45000 [====>.........................] - ETA: 2s - loss: 2.3198 - acc: 0.8452
 9280/45000 [=====>........................] - ETA: 2s - loss: 2.3314 - acc: 0.8444
10112/45000 [=====>........................] - ETA: 2s - loss: 2.3550 - acc: 0.8425
10944/45000 [======>.......................] - ETA: 2s - loss: 2.3604 - acc: 0.8418
11840/45000 [======>.......................] - ETA: 2s - loss: 2.3550 - acc: 0.8420
12800/45000 [=======>......................] - ETA: 2s - loss: 2.3599 - acc: 0.8420
13760/45000 [========>.....................] - ETA: 2s - loss: 2.3741 - acc: 0.8412
14720/45000 [========>.....................] - ETA: 2s - loss: 2.3767 - acc: 0.8412
15616/45000 [=========>....................] - ETA: 1s - loss: 2.3968 - acc: 0.8401
16512/45000 [==========>...................] - ETA: 1s - loss: 2.3845 - acc: 0.8407
17344/45000 [==========>...................] - ETA: 1s - loss: 2.3621 - acc: 0.8418
18240/45000 [===========>..................] - ETA: 1s - loss: 2.3566 - acc: 0.8425
19136/45000 [===========>..................] - ETA: 1s - loss: 2.3612 - acc: 0.8421
20096/45000 [============>.................] - ETA: 1s - loss: 2.3772 - acc: 0.8412
20992/45000 [============>.................] - ETA: 1s - loss: 2.3738 - acc: 0.8415
21888/45000 [=============>................] - ETA: 1s - loss: 2.3783 - acc: 0.8414
22784/45000 [==============>...............] - ETA: 1s - loss: 2.3777 - acc: 0.8416
23552/45000 [==============>...............] - ETA: 1s - loss: 2.3810 - acc: 0.8412
24384/45000 [===============>..............] - ETA: 1s - loss: 2.3847 - acc: 0.8408
25344/45000 [===============>..............] - ETA: 1s - loss: 2.3806 - acc: 0.8411
26304/45000 [================>.............] - ETA: 1s - loss: 2.3819 - acc: 0.8411
27072/45000 [=================>............] - ETA: 1s - loss: 2.3901 - acc: 0.8405
27776/45000 [=================>............] - ETA: 1s - loss: 2.3833 - acc: 0.8410
28096/45000 [=================>............] - ETA: 1s - loss: 2.3791 - acc: 0.8413
28288/45000 [=================>............] - ETA: 1s - loss: 2.3815 - acc: 0.8411
28672/45000 [==================>...........] - ETA: 1s - loss: 2.3932 - acc: 0.8403
29248/45000 [==================>...........] - ETA: 1s - loss: 2.3907 - acc: 0.8405
30208/45000 [===================>..........] - ETA: 1s - loss: 2.3979 - acc: 0.8401
31232/45000 [===================>..........] - ETA: 0s - loss: 2.3859 - acc: 0.8410
32128/45000 [====================>.........] - ETA: 0s - loss: 2.3848 - acc: 0.8410
33088/45000 [=====================>........] - ETA: 0s - loss: 2.3936 - acc: 0.8404
34048/45000 [=====================>........] - ETA: 0s - loss: 2.3872 - acc: 0.8409
35008/45000 [======================>.......] - ETA: 0s - loss: 2.3988 - acc: 0.8403
35840/45000 [======================>.......] - ETA: 0s - loss: 2.3971 - acc: 0.8405
36864/45000 [=======================>......] - ETA: 0s - loss: 2.3986 - acc: 0.8404
37760/45000 [========================>.....] - ETA: 0s - loss: 2.4014 - acc: 0.8403
38720/45000 [========================>.....] - ETA: 0s - loss: 2.4039 - acc: 0.8402
39744/45000 [=========================>....] - ETA: 0s - loss: 2.3962 - acc: 0.8407
40704/45000 [==========================>...] - ETA: 0s - loss: 2.4059 - acc: 0.8400
41600/45000 [==========================>...] - ETA: 0s - loss: 2.4102 - acc: 0.8397
42560/45000 [===========================>..] - ETA: 0s - loss: 2.4088 - acc: 0.8397
43584/45000 [============================>.] - ETA: 0s - loss: 2.4085 - acc: 0.8396
44480/45000 [============================>.] - ETA: 0s - loss: 2.4092 - acc: 0.8395Epoch 00011: val_loss did not improve

45000/45000 [==============================] - 3s 73us/step - loss: 2.4128 - acc: 0.8392 - val_loss: 2.4024 - val_acc: 0.8393
Epoch 12/20

   64/45000 [..............................] - ETA: 3s - loss: 3.5349 - acc: 0.7812
 1024/45000 [..............................] - ETA: 2s - loss: 2.9551 - acc: 0.8047
 1536/45000 [>.............................] - ETA: 3s - loss: 2.8722 - acc: 0.8118
 1856/45000 [>.............................] - ETA: 4s - loss: 2.8512 - acc: 0.8125
 1984/45000 [>.............................] - ETA: 5s - loss: 2.8148 - acc: 0.8145
 2368/45000 [>.............................] - ETA: 5s - loss: 2.7730 - acc: 0.8176
 3008/45000 [=>............................] - ETA: 4s - loss: 2.6722 - acc: 0.8238
 3840/45000 [=>............................] - ETA: 4s - loss: 2.6693 - acc: 0.8229
 4864/45000 [==>...........................] - ETA: 3s - loss: 2.6179 - acc: 0.8255
 5824/45000 [==>...........................] - ETA: 3s - loss: 2.5680 - acc: 0.8280
 6784/45000 [===>..........................] - ETA: 3s - loss: 2.5557 - acc: 0.8296
 7808/45000 [====>.........................] - ETA: 2s - loss: 2.5767 - acc: 0.8290
 8768/45000 [====>.........................] - ETA: 2s - loss: 2.5674 - acc: 0.8297
 9664/45000 [=====>........................] - ETA: 2s - loss: 2.5695 - acc: 0.8294
10624/45000 [======>.......................] - ETA: 2s - loss: 2.5600 - acc: 0.8303
11584/45000 [======>.......................] - ETA: 2s - loss: 2.5190 - acc: 0.8325
12480/45000 [=======>......................] - ETA: 2s - loss: 2.5537 - acc: 0.8307
13376/45000 [=======>......................] - ETA: 2s - loss: 2.5378 - acc: 0.8320
14272/45000 [========>.....................] - ETA: 2s - loss: 2.5341 - acc: 0.8325
15232/45000 [=========>....................] - ETA: 1s - loss: 2.5255 - acc: 0.8330
16192/45000 [=========>....................] - ETA: 1s - loss: 2.5141 - acc: 0.8338
17024/45000 [==========>...................] - ETA: 1s - loss: 2.5184 - acc: 0.8333
17920/45000 [==========>...................] - ETA: 1s - loss: 2.5200 - acc: 0.8333
18752/45000 [===========>..................] - ETA: 1s - loss: 2.5297 - acc: 0.8327
19520/45000 [============>.................] - ETA: 1s - loss: 2.5126 - acc: 0.8339
20352/45000 [============>.................] - ETA: 1s - loss: 2.5084 - acc: 0.8343
21248/45000 [=============>................] - ETA: 1s - loss: 2.4977 - acc: 0.8349
22080/45000 [=============>................] - ETA: 1s - loss: 2.4949 - acc: 0.8351
22976/45000 [==============>...............] - ETA: 1s - loss: 2.4920 - acc: 0.8352
23872/45000 [==============>...............] - ETA: 1s - loss: 2.4979 - acc: 0.8347
24832/45000 [===============>..............] - ETA: 1s - loss: 2.4933 - acc: 0.8350
25856/45000 [================>.............] - ETA: 1s - loss: 2.4903 - acc: 0.8353
26752/45000 [================>.............] - ETA: 1s - loss: 2.4895 - acc: 0.8355
27648/45000 [=================>............] - ETA: 1s - loss: 2.4844 - acc: 0.8360
28480/45000 [=================>............] - ETA: 1s - loss: 2.4721 - acc: 0.8368
29120/45000 [==================>...........] - ETA: 1s - loss: 2.4624 - acc: 0.8375
29312/45000 [==================>...........] - ETA: 1s - loss: 2.4607 - acc: 0.8376
29440/45000 [==================>...........] - ETA: 1s - loss: 2.4609 - acc: 0.8376
29888/45000 [==================>...........] - ETA: 1s - loss: 2.4516 - acc: 0.8382
30464/45000 [===================>..........] - ETA: 0s - loss: 2.4533 - acc: 0.8379
31168/45000 [===================>..........] - ETA: 0s - loss: 2.4429 - acc: 0.8385
31872/45000 [====================>.........] - ETA: 0s - loss: 2.4379 - acc: 0.8388
32832/45000 [====================>.........] - ETA: 0s - loss: 2.4434 - acc: 0.8385
33536/45000 [=====================>........] - ETA: 0s - loss: 2.4393 - acc: 0.8387
34112/45000 [=====================>........] - ETA: 0s - loss: 2.4388 - acc: 0.8387
34624/45000 [======================>.......] - ETA: 0s - loss: 2.4415 - acc: 0.8384
35520/45000 [======================>.......] - ETA: 0s - loss: 2.4409 - acc: 0.8385
36416/45000 [=======================>......] - ETA: 0s - loss: 2.4476 - acc: 0.8380
37376/45000 [=======================>......] - ETA: 0s - loss: 2.4442 - acc: 0.8382
37952/45000 [========================>.....] - ETA: 0s - loss: 2.4470 - acc: 0.8379
38976/45000 [========================>.....] - ETA: 0s - loss: 2.4396 - acc: 0.8383
39744/45000 [=========================>....] - ETA: 0s - loss: 2.4371 - acc: 0.8383
40512/45000 [==========================>...] - ETA: 0s - loss: 2.4385 - acc: 0.8381
41280/45000 [==========================>...] - ETA: 0s - loss: 2.4344 - acc: 0.8384
42240/45000 [===========================>..] - ETA: 0s - loss: 2.4384 - acc: 0.8381
43136/45000 [===========================>..] - ETA: 0s - loss: 2.4334 - acc: 0.8384
44032/45000 [============================>.] - ETA: 0s - loss: 2.4336 - acc: 0.8384
44928/45000 [============================>.] - ETA: 0s - loss: 2.4310 - acc: 0.8386Epoch 00012: val_loss improved from 2.39555 to 2.38471, saving model to experiments/2018-04-17_/simple_mnist/checkpoints/simple_mnist-12-2.38.hdf5

45000/45000 [==============================] - 3s 75us/step - loss: 2.4301 - acc: 0.8387 - val_loss: 2.3847 - val_acc: 0.8413
Epoch 13/20

   64/45000 [..............................] - ETA: 3s - loss: 1.6508 - acc: 0.8438
  832/45000 [..............................] - ETA: 2s - loss: 2.4586 - acc: 0.8341
 1600/45000 [>.............................] - ETA: 2s - loss: 2.4381 - acc: 0.8344
 2304/45000 [>.............................] - ETA: 2s - loss: 2.4141 - acc: 0.8351
 3072/45000 [=>............................] - ETA: 2s - loss: 2.5055 - acc: 0.8304
 3520/45000 [=>............................] - ETA: 3s - loss: 2.5152 - acc: 0.8301
 3904/45000 [=>............................] - ETA: 3s - loss: 2.5161 - acc: 0.8307
 4160/45000 [=>............................] - ETA: 3s - loss: 2.5202 - acc: 0.8305
 4608/45000 [==>...........................] - ETA: 3s - loss: 2.5048 - acc: 0.8322
 5504/45000 [==>...........................] - ETA: 3s - loss: 2.4861 - acc: 0.8343
 6336/45000 [===>..........................] - ETA: 3s - loss: 2.4681 - acc: 0.8363
 7360/45000 [===>..........................] - ETA: 3s - loss: 2.4232 - acc: 0.8385
 8000/45000 [====>.........................] - ETA: 3s - loss: 2.3929 - acc: 0.8403
 9024/45000 [=====>........................] - ETA: 2s - loss: 2.4097 - acc: 0.8393
 9920/45000 [=====>........................] - ETA: 2s - loss: 2.3923 - acc: 0.8404
10816/45000 [======>.......................] - ETA: 2s - loss: 2.3832 - acc: 0.8409
11456/45000 [======>.......................] - ETA: 2s - loss: 2.3795 - acc: 0.8408
12288/45000 [=======>......................] - ETA: 2s - loss: 2.3810 - acc: 0.8410
13184/45000 [=======>......................] - ETA: 2s - loss: 2.3687 - acc: 0.8415
14144/45000 [========>.....................] - ETA: 2s - loss: 2.3751 - acc: 0.8411
15040/45000 [=========>....................] - ETA: 2s - loss: 2.3774 - acc: 0.8409
15936/45000 [=========>....................] - ETA: 2s - loss: 2.3641 - acc: 0.8419
16832/45000 [==========>...................] - ETA: 1s - loss: 2.3535 - acc: 0.8429
17792/45000 [==========>...................] - ETA: 1s - loss: 2.3531 - acc: 0.8428
18816/45000 [===========>..................] - ETA: 1s - loss: 2.3573 - acc: 0.8427
19712/45000 [============>.................] - ETA: 1s - loss: 2.3526 - acc: 0.8428
20672/45000 [============>.................] - ETA: 1s - loss: 2.3504 - acc: 0.8429
21632/45000 [=============>................] - ETA: 1s - loss: 2.3591 - acc: 0.8422
22528/45000 [==============>...............] - ETA: 1s - loss: 2.3716 - acc: 0.8414
23424/45000 [==============>...............] - ETA: 1s - loss: 2.3687 - acc: 0.8417
24320/45000 [===============>..............] - ETA: 1s - loss: 2.3582 - acc: 0.8423
25152/45000 [===============>..............] - ETA: 1s - loss: 2.3705 - acc: 0.8414
25856/45000 [================>.............] - ETA: 1s - loss: 2.3719 - acc: 0.8414
26112/45000 [================>.............] - ETA: 1s - loss: 2.3756 - acc: 0.8412
26304/45000 [================>.............] - ETA: 1s - loss: 2.3699 - acc: 0.8416
26752/45000 [================>.............] - ETA: 1s - loss: 2.3728 - acc: 0.8415
27392/45000 [=================>............] - ETA: 1s - loss: 2.3734 - acc: 0.8415
28416/45000 [=================>............] - ETA: 1s - loss: 2.3764 - acc: 0.8412
29504/45000 [==================>...........] - ETA: 1s - loss: 2.3788 - acc: 0.8411
30528/45000 [===================>..........] - ETA: 0s - loss: 2.3819 - acc: 0.8411
31488/45000 [===================>..........] - ETA: 0s - loss: 2.3821 - acc: 0.8410
32384/45000 [====================>.........] - ETA: 0s - loss: 2.3750 - acc: 0.8414
33152/45000 [=====================>........] - ETA: 0s - loss: 2.3673 - acc: 0.8420
33856/45000 [=====================>........] - ETA: 0s - loss: 2.3676 - acc: 0.8420
34688/45000 [======================>.......] - ETA: 0s - loss: 2.3714 - acc: 0.8418
35456/45000 [======================>.......] - ETA: 0s - loss: 2.3768 - acc: 0.8414
36224/45000 [=======================>......] - ETA: 0s - loss: 2.3784 - acc: 0.8414
36992/45000 [=======================>......] - ETA: 0s - loss: 2.3788 - acc: 0.8414
37760/45000 [========================>.....] - ETA: 0s - loss: 2.3759 - acc: 0.8415
38592/45000 [========================>.....] - ETA: 0s - loss: 2.3808 - acc: 0.8411
39552/45000 [=========================>....] - ETA: 0s - loss: 2.3818 - acc: 0.8412
40512/45000 [==========================>...] - ETA: 0s - loss: 2.3799 - acc: 0.8414
41472/45000 [==========================>...] - ETA: 0s - loss: 2.3711 - acc: 0.8419
42432/45000 [===========================>..] - ETA: 0s - loss: 2.3725 - acc: 0.8418
43456/45000 [===========================>..] - ETA: 0s - loss: 2.3797 - acc: 0.8412
44288/45000 [============================>.] - ETA: 0s - loss: 2.3790 - acc: 0.8412
44800/45000 [============================>.] - ETA: 0s - loss: 2.3765 - acc: 0.8412Epoch 00013: val_loss improved from 2.38471 to 2.38163, saving model to experiments/2018-04-17_/simple_mnist/checkpoints/simple_mnist-13-2.38.hdf5

45000/45000 [==============================] - 3s 77us/step - loss: 2.3743 - acc: 0.8414 - val_loss: 2.3816 - val_acc: 0.8375
Epoch 14/20

   64/45000 [..............................] - ETA: 4s - loss: 1.3898 - acc: 0.8906
  512/45000 [..............................] - ETA: 5s - loss: 2.0545 - acc: 0.8613
 1408/45000 [..............................] - ETA: 3s - loss: 2.1407 - acc: 0.8544
 2304/45000 [>.............................] - ETA: 3s - loss: 2.3508 - acc: 0.8398
 3136/45000 [=>............................] - ETA: 2s - loss: 2.4248 - acc: 0.8355
 3968/45000 [=>............................] - ETA: 2s - loss: 2.3419 - acc: 0.8410
 4864/45000 [==>...........................] - ETA: 2s - loss: 2.3356 - acc: 0.8425
 5696/45000 [==>...........................] - ETA: 2s - loss: 2.3756 - acc: 0.8402
 6592/45000 [===>..........................] - ETA: 2s - loss: 2.3877 - acc: 0.8395
 7552/45000 [====>.........................] - ETA: 2s - loss: 2.3493 - acc: 0.8416
 8448/45000 [====>.........................] - ETA: 2s - loss: 2.3237 - acc: 0.8438
 9408/45000 [=====>........................] - ETA: 2s - loss: 2.2811 - acc: 0.8464
10240/45000 [=====>........................] - ETA: 2s - loss: 2.2794 - acc: 0.8463
10944/45000 [======>.......................] - ETA: 2s - loss: 2.2870 - acc: 0.8460
11904/45000 [======>.......................] - ETA: 2s - loss: 2.3114 - acc: 0.8445
12736/45000 [=======>......................] - ETA: 2s - loss: 2.3341 - acc: 0.8432
13632/45000 [========>.....................] - ETA: 1s - loss: 2.3431 - acc: 0.8428
14592/45000 [========>.....................] - ETA: 1s - loss: 2.3357 - acc: 0.8433
15488/45000 [=========>....................] - ETA: 1s - loss: 2.3370 - acc: 0.8432
16256/45000 [=========>....................] - ETA: 1s - loss: 2.3566 - acc: 0.8423
17216/45000 [==========>...................] - ETA: 1s - loss: 2.3750 - acc: 0.8409
18176/45000 [===========>..................] - ETA: 1s - loss: 2.3805 - acc: 0.8404
19072/45000 [===========>..................] - ETA: 1s - loss: 2.3680 - acc: 0.8413
20032/45000 [============>.................] - ETA: 1s - loss: 2.3623 - acc: 0.8418
21056/45000 [=============>................] - ETA: 1s - loss: 2.3558 - acc: 0.8421
22080/45000 [=============>................] - ETA: 1s - loss: 2.3578 - acc: 0.8420
22400/45000 [=============>................] - ETA: 1s - loss: 2.3519 - acc: 0.8424
22720/45000 [==============>...............] - ETA: 1s - loss: 2.3460 - acc: 0.8428
23168/45000 [==============>...............] - ETA: 1s - loss: 2.3431 - acc: 0.8430
23744/45000 [==============>...............] - ETA: 1s - loss: 2.3375 - acc: 0.8434
24448/45000 [===============>..............] - ETA: 1s - loss: 2.3413 - acc: 0.8430
25088/45000 [===============>..............] - ETA: 1s - loss: 2.3452 - acc: 0.8428
25728/45000 [================>.............] - ETA: 1s - loss: 2.3408 - acc: 0.8431
26688/45000 [================>.............] - ETA: 1s - loss: 2.3365 - acc: 0.8435
27392/45000 [=================>............] - ETA: 1s - loss: 2.3379 - acc: 0.8433
28096/45000 [=================>............] - ETA: 1s - loss: 2.3379 - acc: 0.8434
28864/45000 [==================>...........] - ETA: 1s - loss: 2.3538 - acc: 0.8424
29760/45000 [==================>...........] - ETA: 1s - loss: 2.3622 - acc: 0.8419
30656/45000 [===================>..........] - ETA: 0s - loss: 2.3614 - acc: 0.8420
31360/45000 [===================>..........] - ETA: 0s - loss: 2.3628 - acc: 0.8420
32064/45000 [====================>.........] - ETA: 0s - loss: 2.3640 - acc: 0.8419
33024/45000 [=====================>........] - ETA: 0s - loss: 2.3651 - acc: 0.8418
33984/45000 [=====================>........] - ETA: 0s - loss: 2.3700 - acc: 0.8415
34688/45000 [======================>.......] - ETA: 0s - loss: 2.3728 - acc: 0.8413
35520/45000 [======================>.......] - ETA: 0s - loss: 2.3677 - acc: 0.8417
36352/45000 [=======================>......] - ETA: 0s - loss: 2.3688 - acc: 0.8415
37312/45000 [=======================>......] - ETA: 0s - loss: 2.3649 - acc: 0.8415
37952/45000 [========================>.....] - ETA: 0s - loss: 2.3643 - acc: 0.8414
38720/45000 [========================>.....] - ETA: 0s - loss: 2.3639 - acc: 0.8414
39552/45000 [=========================>....] - ETA: 0s - loss: 2.3626 - acc: 0.8415
40384/45000 [=========================>....] - ETA: 0s - loss: 2.3646 - acc: 0.8413
41024/45000 [==========================>...] - ETA: 0s - loss: 2.3650 - acc: 0.8414
41920/45000 [==========================>...] - ETA: 0s - loss: 2.3611 - acc: 0.8418
42816/45000 [===========================>..] - ETA: 0s - loss: 2.3657 - acc: 0.8414
43584/45000 [============================>.] - ETA: 0s - loss: 2.3580 - acc: 0.8419
43968/45000 [============================>.] - ETA: 0s - loss: 2.3582 - acc: 0.8419
44288/45000 [============================>.] - ETA: 0s - loss: 2.3627 - acc: 0.8416
44416/45000 [============================>.] - ETA: 0s - loss: 2.3631 - acc: 0.8415
44800/45000 [============================>.] - ETA: 0s - loss: 2.3681 - acc: 0.8413Epoch 00014: val_loss improved from 2.38163 to 2.36474, saving model to experiments/2018-04-17_/simple_mnist/checkpoints/simple_mnist-14-2.36.hdf5

45000/45000 [==============================] - 3s 77us/step - loss: 2.3671 - acc: 0.8413 - val_loss: 2.3647 - val_acc: 0.8409
Epoch 15/20

   64/45000 [..............................] - ETA: 3s - loss: 2.2671 - acc: 0.8594
 1024/45000 [..............................] - ETA: 2s - loss: 2.4123 - acc: 0.8408
 1984/45000 [>.............................] - ETA: 2s - loss: 2.2644 - acc: 0.8508
 2944/45000 [>.............................] - ETA: 2s - loss: 2.2111 - acc: 0.8536
 3904/45000 [=>............................] - ETA: 2s - loss: 2.2880 - acc: 0.8473
 4928/45000 [==>...........................] - ETA: 2s - loss: 2.2872 - acc: 0.8468
 5888/45000 [==>...........................] - ETA: 2s - loss: 2.3027 - acc: 0.8461
 6720/45000 [===>..........................] - ETA: 2s - loss: 2.3053 - acc: 0.8454
 7488/45000 [===>..........................] - ETA: 2s - loss: 2.3125 - acc: 0.8452
 8512/45000 [====>.........................] - ETA: 2s - loss: 2.3288 - acc: 0.8442
 9472/45000 [=====>........................] - ETA: 1s - loss: 2.3377 - acc: 0.8434
10240/45000 [=====>........................] - ETA: 1s - loss: 2.3338 - acc: 0.8437
11200/45000 [======>.......................] - ETA: 1s - loss: 2.3266 - acc: 0.8443
12224/45000 [=======>......................] - ETA: 1s - loss: 2.3257 - acc: 0.8439
13184/45000 [=======>......................] - ETA: 1s - loss: 2.3372 - acc: 0.8431
14144/45000 [========>.....................] - ETA: 1s - loss: 2.3514 - acc: 0.8423
15040/45000 [=========>....................] - ETA: 1s - loss: 2.3508 - acc: 0.8422
16000/45000 [=========>....................] - ETA: 1s - loss: 2.3434 - acc: 0.8427
16960/45000 [==========>...................] - ETA: 1s - loss: 2.3490 - acc: 0.8425
17920/45000 [==========>...................] - ETA: 1s - loss: 2.3398 - acc: 0.8428
18816/45000 [===========>..................] - ETA: 1s - loss: 2.3461 - acc: 0.8423
19648/45000 [============>.................] - ETA: 1s - loss: 2.3487 - acc: 0.8421
20544/45000 [============>.................] - ETA: 1s - loss: 2.3518 - acc: 0.8419
21184/45000 [=============>................] - ETA: 1s - loss: 2.3415 - acc: 0.8424
21440/45000 [=============>................] - ETA: 1s - loss: 2.3481 - acc: 0.8421
21632/45000 [=============>................] - ETA: 1s - loss: 2.3468 - acc: 0.8422
22080/45000 [=============>................] - ETA: 1s - loss: 2.3491 - acc: 0.8420
22656/45000 [==============>...............] - ETA: 1s - loss: 2.3445 - acc: 0.8423
23424/45000 [==============>...............] - ETA: 1s - loss: 2.3602 - acc: 0.8414
24256/45000 [===============>..............] - ETA: 1s - loss: 2.3692 - acc: 0.8410
25152/45000 [===============>..............] - ETA: 1s - loss: 2.3688 - acc: 0.8412
25856/45000 [================>.............] - ETA: 1s - loss: 2.3633 - acc: 0.8415
26752/45000 [================>.............] - ETA: 1s - loss: 2.3596 - acc: 0.8416
27648/45000 [=================>............] - ETA: 1s - loss: 2.3586 - acc: 0.8417
28544/45000 [==================>...........] - ETA: 1s - loss: 2.3534 - acc: 0.8421
29440/45000 [==================>...........] - ETA: 0s - loss: 2.3503 - acc: 0.8423
30336/45000 [===================>..........] - ETA: 0s - loss: 2.3627 - acc: 0.8415
31232/45000 [===================>..........] - ETA: 0s - loss: 2.3671 - acc: 0.8412
32128/45000 [====================>.........] - ETA: 0s - loss: 2.3630 - acc: 0.8416
32704/45000 [====================>.........] - ETA: 0s - loss: 2.3638 - acc: 0.8415
33664/45000 [=====================>........] - ETA: 0s - loss: 2.3644 - acc: 0.8415
34496/45000 [=====================>........] - ETA: 0s - loss: 2.3580 - acc: 0.8420
35456/45000 [======================>.......] - ETA: 0s - loss: 2.3556 - acc: 0.8420
36224/45000 [=======================>......] - ETA: 0s - loss: 2.3570 - acc: 0.8418
37120/45000 [=======================>......] - ETA: 0s - loss: 2.3538 - acc: 0.8420
38016/45000 [========================>.....] - ETA: 0s - loss: 2.3541 - acc: 0.8419
38976/45000 [========================>.....] - ETA: 0s - loss: 2.3522 - acc: 0.8420
39936/45000 [=========================>....] - ETA: 0s - loss: 2.3482 - acc: 0.8421
40896/45000 [==========================>...] - ETA: 0s - loss: 2.3478 - acc: 0.8420
41856/45000 [==========================>...] - ETA: 0s - loss: 2.3457 - acc: 0.8421
42816/45000 [===========================>..] - ETA: 0s - loss: 2.3437 - acc: 0.8423
43776/45000 [============================>.] - ETA: 0s - loss: 2.3415 - acc: 0.8425
44288/45000 [============================>.] - ETA: 0s - loss: 2.3429 - acc: 0.8424
44608/45000 [============================>.] - ETA: 0s - loss: 2.3382 - acc: 0.8427